WARNING: ignoring environment value of R_HOME
[1] 1 1
[1] 1 0
[1] 2 1
[1] 2 0
[1] 4 1
[1] 4 0
[1] 6 1
[1] 6 0
[1] 8 1
[1] 10  1
[1] 10  0
[1] 11  1
[1] 11  0
[1] 13  1
[1] 13  0
[1] 17  1
[1] 17  0
[1] 18  1
[1] 18  0
[1] 19  1
[1] 19  0
[1] 20  1
[1] 20  0
[1] 21  1
[1] 21  0
[1] 26  1
[1] 26  0
[1] 30  1
[1] 30  0
[1] 33  1
[1] 33  0
[1] 34  1
[1] 34  0
[1] 36  1
[1] 36  0
[1] 38  1
[1] 38  0
[1] 39  1
[1] 39  0
[1] 40  1
[1] 40  0
[1] 42  1
[1] 42  0
[1] 43  1
[1] 43  0
[1] 45  1
[1] 45  0
[1] 48  1
[1] 48  0
[1] 49  1
[1] 51  1
[1] 51  0
[1] 55  1
[1] 55  0
[1] 57  1
[1] 57  0
[1] 58  1
[1] 58  0
[1] 61  1
[1] 61  0
[1] 67  1
[1] 67  0
[1] 70  1
[1] 70  0
[1] 71  1
[1] 71  0
[1] 72  1
[1] 72  0
[1] 73  1
[1] 73  0
[1] 74  1
[1] 74  0
[1] 75  1
[1] 75  0
[1] 77  1
[1] 77  0
[1] 79  1
[1] 79  0
[1] 80  1
[1] 80  0
[1] 81  1
[1] 81  0
[1] 82  1
[1] 82  0
[1] 83  1
[1] 83  0
[1] 84  1
[1] 84  0
[1] 85  1
[1] 85  0
[1] 89  1
[1] 89  0
[1] 92  1
[1] 92  0
[1] 95  1
[1] 95  0
[1] 97  1
[1] 97  0
[1] 99  1
[1] 99  0
[1] 100   1
[1] 100   0
[1] 101   1
[1] 101   0
[1] 103   1
[1] 103   0
[1] 106   1
[1] 106   0
[1] 108   1
[1] 108   0
[1] 109   1
[1] 109   0
[1] 110   1
[1] 110   0
[1] 112   1
[1] 112   0
[1] 113   1
[1] 113   0
[1] 114   1
[1] 114   0
[1] 117   1
[1] 117   0
[1] 118   1
[1] 118   0
[1] 119   1
[1] 119   0
[1] 120   1
[1] 120   0
[1] 121   1
[1] 125   1
[1] 125   0
[1] 127   1
[1] 131   1
[1] 131   0
[1] 132   1
[1] 132   0
[1] 134   1
[1] 134   0
[1] 135   1
[1] 135   0
[1] 136   1
[1] 136   0
[1] 138   1
[1] 138   0
[1] 139   1
[1] 140   1
[1] 141   1
[1] 141   0
[1] 145   1
[1] 145   0
[1] 147   1
[1] 147   0
[1] 148   1
[1] 148   0
[1] 150   1
[1] 150   0
[1] 151   1
[1] 151   0
[1] 153   1
[1] 153   0
[1] 160   1
[1] 160   0
[1] 162   1
[1] 162   0
[1] 163   1
[1] 163   0
[1] 165   1
[1] 165   0
[1] 167   1
[1] 167   0
[1] 170   1
[1] 174   1
[1] 174   0
[1] 179   1
[1] 179   0
[1] 180   1
[1] 180   0
[1] 185   1
[1] 185   0
[1] 186   1
[1] 186   0
[1] 187   1
[1] 187   0
[1] 189   1
[1] 189   0
[1] 190   1
[1] 190   0
[1] 191   1
[1] 193   1
[1] 194   1
[1] 196   1
[1] 196   0
[1] 205   1
[1] 205   0
[1] 208   1
[1] 208   0
[1] 209   1
[1] 209   0
[1] 210   1
[1] 210   0
[1] 211   1
[1] 211   0
[1] 213   1
[1] 213   0
[1] 214   1
[1] 214   0
[1] 217   1
[1] 217   0
[1] 218   1
[1] 218   0
[1] 220   1
[1] 220   0
[1] 221   1
[1] 221   0
[1] 227   1
[1] 228   1
[1] 228   0
[1] 232   1
[1] 232   0
[1] 234   1
[1] 234   0
[1] 238   1
[1] 238   0
[1] 240   1
[1] 240   0
[1] 242   1
[1] 242   0
[1] 244   1
[1] 247   1
[1] 247   0
[1] 249   1
[1] 251   1
[1] 251   0
[1] 252   1
[1] 252   0
[1] 259   1
[1] 259   0
[1] 263   1
[1] 263   0
[1] 264   1
[1] 264   0
[1] 265   1
[1] 265   0
[1] 268   1
[1] 268   0
[1] 270   1
[1] 270   0
[1] 274   1
[1] 274   0
[1] 277   1
[1] 277   0
[1] 278   1
[1] 278   0
[1] 280   1
[1] 280   0
[1] 281   1
[1] 282   1
[1] 282   0
[1] 287   1
[1] 290   1
[1] 290   0
[1] 292   1
[1] 296   1
[1] 296   0
[1] 301   1
[1] 301   0
[1] 304   1
[1] 304   0
[1] 305   1
[1] 305   0
[1] 306   1
[1] 306   0
[1] 307   1
[1] 307   0
[1] 310   1
[1] 310   0
[1] 312   1
[1] 315   1
[1] 315   0
[1] 316   1
[1] 316   0
[1] 317   1
[1] 317   0
[1] 320   1
[1] 320   0
[1] 321   1
[1] 321   0
[1] 322   1
[1] 322   0
[1] 324   1
[1] 324   0
[1] 326   1
[1] 326   0
[1] 327   1
[1] 327   0
[1] 329   1
[1] 329   0
[1] 330   1
[1] 330   0
[1] 331   1
[1] 331   0
[1] 335   1
[1] 335   0
[1] 338   1
[1] 338   0
[1] 341   1
[1] 341   0
[1] 350   1
[1] 350   0
[1] 353   1
[1] 353   0
[1] 354   1
[1] 354   0
[1] 356   1
[1] 356   0
[1] 357   1
[1] 357   0
[1] 358   1
[1] 358   0
[1] 359   1
[1] 359   0
[1] 360   1
[1] 360   0
[1] 363   1
[1] 363   0
[1] 367   1
[1] 367   0
[1] 373   1
[1] 373   0
[1] 375   1
[1] 375   0
[1] 379   1
[1] 379   0
[1] 381   1
[1] 381   0
[1] 382   1
[1] 382   0
[1] 384   1
[1] 384   0
[1] 385   1
[1] 385   0
[1] 387   1
[1] 387   0
[1] 388   1
[1] 388   0
[1] 389   1
[1] 389   0
[1] 391   1
[1] 391   0
[1] 392   1
[1] 392   0
[1] 393   1
[1] 393   0
[1] 394   1
[1] 395   1
[1] 395   0
[1] 399   1
[1] 399   0
[1] 400   1
[1] 400   0
[1] 403   1
[1] 403   0
[1] 406   1
[1] 406   0
[1] 407   1
[1] 408   1
[1] 408   0
[1] 410   1
[1] 410   0
[1] 411   1
[1] 411   0
[1] 414   1
[1] 414   0
[1] 415   1
[1] 415   0
[1] 418   1
[1] 418   0
[1] 421   1
[1] 421   0
[1] 422   1
[1] 422   0
[1] 424   1
[1] 424   0
[1] 427   1
[1] 427   0
[1] 433   1
[1] 433   0
[1] 435   1
[1] 435   0
[1] 436   1
[1] 436   0
[1] 437   1
[1] 437   0
[1] 442   1
[1] 442   0
[1] 444   1
[1] 444   0
[1] 446   1
[1] 446   0
[1] 448   1
[1] 449   1
[1] 454   1
[1] 456   1
[1] 456   0
[1] 460   1
[1] 460   0
[1] 462   1
[1] 462   0
[1] 463   1
[1] 463   0
[1] 464   1
[1] 464   0
[1] 466   1
[1] 466   0
[1] 467   1
[1] 467   0
[1] 470   1
[1] 470   0
[1] 471   1
[1] 471   0
[1] 472   1
[1] 472   0
[1] 473   1
[1] 473   0
[1] 474   1
[1] 474   0
[1] 476   1
[1] 476   0
[1] 477   1
[1] 477   0
[1] 480   1
[1] 480   0
[1] 483   1
[1] 483   0
[1] 484   1
[1] 485   1
[1] 485   0
[1] 486   1
[1] 486   0
[1] 490   1
[1] 490   0
[1] 492   1
[1] 492   0
[1] 494   1
[1] 494   0
[1] 496   1
[1] 496   0
[1] 497   1
[1] 497   0
[1] 499   1
[1] 499   0
[1] 502   1
[1] 502   0
[1] 506   1
[1] 514   1
[1] 516   1
[1] 516   0
[1] 518   1
[1] 518   0
[1] 521   1
[1] 521   0
[1] 522   1
[1] 525   1
[1] 525   0
[1] 526   1
[1] 526   0
[1] 527   1
[1] 527   0
[1] 528   1
[1] 528   0
[1] 534   1
[1] 534   0
[1] 540   1
[1] 540   0
[1] 543   1
[1] 543   0
[1] 544   1
[1] 544   0
[1] 545   1
[1] 545   0
[1] 549   1
[1] 549   0
[1] 551   1
[1] 551   0
[1] 553   1
[1] 553   0
[1] 554   1
[1] 554   0
[1] 555   1
[1] 555   0
[1] 556   1
[1] 556   0
[1] 558   1
[1] 558   0
[1] 563   1
[1] 565   1
[1] 565   0
[1] 568   1
[1] 568   0
[1] 570   1
[1] 570   0
[1] 574   1
[1] 574   0
[1] 579   1
[1] 579   0
[1] 581   1
[1] 581   0
[1] 582   1
[1] 582   0
[1] 586   1
[1] 586   0
[1] 588   1
[1] 588   0
[1] 597   1
[1] 597   0
[1] 598   1
[1] 599   1
[1] 599   0
[1] 600   1
[1] 600   0
[1] 601   1
[1] 601   0
[1] 604   1
[1] 604   0
[1] 605   1
[1] 605   0
[1] 606   1
[1] 606   0
[1] 609   1
[1] 609   0
[1] 612   1
[1] 612   0
[1] 613   1
[1] 613   0
[1] 614   1
[1] 614   0
[1] 615   1
[1] 615   0
[1] 618   1
[1] 622   1
[1] 622   0
[1] 625   1
[1] 625   0
[1] 627   1
[1] 627   0
[1] 630   1
[1] 630   0
[1] 634   1
[1] 634   0
[1] 638   1
[1] 638   0
[1] 639   1
[1] 639   0
[1] 640   1
[1] 640   0
[1] 642   1
[1] 642   0
[1] 644   1
[1] 644   0
[1] 650   1
[1] 650   0
[1] 652   1
[1] 653   1
[1] 653   0
[1] 654   1
[1] 654   0
[1] 655   1
[1] 655   0
[1] 659   1
[1] 659   0
[1] 660   1
[1] 660   0
[1] 661   1
[1] 661   0
[1] 662   1
[1] 664   1
[1] 664   0
[1] 666   1
[1] 666   0
[1] 667   1
[1] 667   0
[1] 669   1
[1] 669   0
[1] 672   1
[1] 672   0
[1] 673   1
[1] 673   0
[1] 676   1
[1] 676   0
[1] 677   1
[1] 677   0
[1] 681   1
[1] 681   0
[1] 682   1
[1] 682   0
[1] 683   1
[1] 683   0
[1] 684   1
[1] 684   0
[1] 688   1
[1] 688   0
[1] 689   1
[1] 689   0
[1] 690   1
[1] 690   0
[1] 692   1
[1] 694   1
[1] 694   0
[1] 696   1
[1] 696   0
[1] 697   1
[1] 697   0
[1] 698   1
[1] 698   0
[1] 703   1
[1] 703   0
[1] 704   1
[1] 709   1
[1] 709   0
[1] 711   1
[1] 711   0
[1] 713   1
[1] 716   1
[1] 716   0
[1] 719   1
[1] 719   0
[1] 722   1
[1] 724   1
[1] 724   0
[1] 726   1
[1] 726   0
[1] 727   1
[1] 727   0
[1] 728   1
[1] 728   0
[1] 729   1
[1] 729   0
[1] 730   1
[1] 730   0
[1] 731   1
[1] 734   1
[1] 734   0
[1] 735   1
[1] 735   0
[1] 740   1
[1] 740   0
[1] 741   1
[1] 742   1
[1] 742   0
[1] 743   1
[1] 743   0
[1] 744   1
[1] 744   0
[1] 748   1
[1] 748   0
[1] 750   1
[1] 750   0
[1] 754   1
[1] 754   0
[1] 755   1
[1] 755   0
[1] 756   1
[1] 756   0
[1] 762   1
[1] 762   0
[1] 763   1
[1] 765   1
[1] 765   0
[1] 766   1
[1] 766   0
[1] 767   1
[1] 767   0
[1] 769   1
[1] 769   0
[1] 773   1
[1] 779   1
[1] 779   0
[1] 780   1
[1] 780   0
[1] 781   1
[1] 781   0
[1] 782   1
[1] 783   1
[1] 783   0
[1] 784   1
[1] 784   0
[1] 785   1
[1] 785   0
[1] 787   1
[1] 787   0
[1] 789   1
[1] 789   0
[1] 790   1
[1] 790   0
[1] 791   1
[1] 791   0
[1] 794   1
[1] 796   1
[1] 796   0
[1] 798   1
[1] 798   0
[1] 802   1
[1] 802   0
[1] 803   1
[1] 803   0
[1] 805   1
[1] 805   0
[1] 806   1
[1] 806   0
[1] 807   1
[1] 807   0
[1] 808   1
[1] 808   0
[1] 809   1
[1] 809   0
[1] 811   1
[1] 811   0
[1] 814   1
[1] 815   1
[1] 818   1
[1] 818   0
[1] 819   1
[1] 820   1
[1] 820   0
[1] 822   1
[1] 822   0
[1] 823   1
[1] 823   0
[1] 838   1
[1] 838   0
[1] 840   1
[1] 840   0
[1] 843   1
[1] 843   0
[1] 846   1
[1] 846   0
[1] 847   1
[1] 847   0
[1] 848   1
[1] 848   0
[1] 851   1
[1] 851   0
[1] 852   1
[1] 852   0
[1] 853   1
[1] 853   0
[1] 855   1
[1] 855   0
[1] 857   1
[1] 857   0
[1] 859   1
[1] 859   0
[1] 861   1
[1] 867   1
[1] 867   0
[1] 868   1
[1] 868   0
[1] 870   1
[1] 870   0
[1] 873   1
[1] 873   0
[1] 874   1
[1] 874   0
[1] 875   1
[1] 875   0
[1] 876   1
[1] 876   0
[1] 878   1
[1] 878   0
[1] 881   1
[1] 881   0
[1] 882   1
[1] 882   0
[1] 884   1
[1] 886   1
[1] 886   0
[1] 891   1
[1] 891   0
[1] 893   1
[1] 893   0
[1] 901   1
[1] 901   0
[1] 903   1
[1] 903   0
[1] 906   1
[1] 906   0
[1] 907   1
[1] 908   1
[1] 908   0
[1] 911   1
[1] 911   0
[1] 917   1
[1] 917   0
[1] 918   1
[1] 918   0
[1] 919   1
[1] 919   0
[1] 920   1
[1] 920   0
[1] 921   1
[1] 921   0
[1] 923   1
[1] 926   1
[1] 926   0
[1] 930   1
[1] 930   0
[1] 935   1
[1] 935   0
[1] 941   1
[1] 941   0
[1] 942   1
[1] 942   0
[1] 948   1
[1] 949   1
[1] 949   0
[1] 950   1
[1] 950   0
[1] 951   1
[1] 951   0
[1] 952   1
[1] 952   0
[1] 953   1
[1] 953   0
[1] 954   1
[1] 954   0
[1] 957   1
[1] 957   0
[1] 958   1
[1] 958   0
[1] 959   1
[1] 961   1
[1] 963   1
[1] 963   0
[1] 970   1
[1] 974   1
[1] 974   0
[1] 975   1
[1] 975   0
[1] 977   1
[1] 977   0
[1] 979   1
[1] 983   1
[1] 983   0
[1] 985   1
[1] 985   0
[1] 986   1
[1] 986   0
[1] 987   1
[1] 987   0
[1] 988   1
[1] 988   0
[1] 992   1
[1] 992   0
[1] 996   1
[1] 997   1
[1] 997   0
[1] 998   1
[1] 998   0
[1] 999   1
[1] 999   0
[1] 1000    1
[1] 1000    0
[1] 2 1
[1] 2 0
[1] 4 1
[1] 4 0
[1] 15  1
[1] 15  0
[1] 35  1
[1] 35  0
[1] 42  1
[1] 42  0
[1] 53  1
[1] 53  0
[1] 55  1
[1] 55  0
[1] 77  1
[1] 77  0
[1] 79  1
[1] 79  0
[1] 81  1
[1] 81  0
[1] 109   1
[1] 110   1
[1] 110   0
[1] 117   1
[1] 117   0
[1] 145   1
[1] 145   0
[1] 165   1
[1] 165   0
[1] 170   1
[1] 170   0
[1] 187   1
[1] 187   0
[1] 191   1
[1] 191   0
[1] 194   1
[1] 194   0
[1] 210   1
[1] 210   0
[1] 217   1
[1] 217   0
[1] 238   1
[1] 238   0
[1] 274   1
[1] 274   0
[1] 307   1
[1] 307   0
[1] 321   1
[1] 321   0
[1] 326   1
[1] 326   0
[1] 421   1
[1] 421   0
[1] 422   1
[1] 422   0
[1] 435   1
[1] 435   0
[1] 436   1
[1] 436   0
[1] 463   1
[1] 463   0
[1] 466   1
[1] 466   0
[1] 467   1
[1] 467   0
[1] 496   1
[1] 496   0
[1] 499   1
[1] 499   0
[1] 506   1
[1] 506   0
[1] 511   1
[1] 511   0
[1] 553   1
[1] 553   0
[1] 601   1
[1] 601   0
[1] 677   1
[1] 677   0
[1] 683   1
[1] 683   0
[1] 692   1
[1] 692   0
[1] 731   1
[1] 731   0
[1] 763   1
[1] 763   0
[1] 773   1
[1] 773   0
[1] 781   1
[1] 781   0
[1] 782   1
[1] 782   0
[1] 791   1
[1] 791   0
[1] 815   1
[1] 815   0
[1] 818   1
[1] 818   0
[1] 840   1
[1] 840   0
[1] 843   1
[1] 843   0
[1] 855   1
[1] 855   0
[1] 861   1
[1] 868   1
[1] 868   0
[1] 875   1
[1] 875   0
[1] 886   1
[1] 886   0
[1] 891   1
[1] 891   0
[1] 893   1
[1] 893   0
[1] 918   1
[1] 918   0
[1] 921   1
[1] 921   0
[1] 927   1
[1] 927   0
[1] 961   1
[1] 961   0
[1] 963   1
[1] 963   0
[1] 977   1
[1] 977   0
[1] 996   1
[1] 996   0
[1] 1 1
[1] 1 0
[1] 2 1
[1] 4 1
[1] 4 0
[1] 5 1
[1] 5 0
[1] 6 1
[1] 6 0
[1] 8 1
[1] 8 0
[1] 10  1
[1] 10  0
[1] 11  1
[1] 11  0
[1] 13  1
[1] 13  0
[1] 17  1
[1] 17  0
[1] 19  1
[1] 19  0
[1] 21  1
[1] 21  0
[1] 26  1
[1] 26  0
[1] 30  1
[1] 30  0
[1] 33  1
[1] 33  0
[1] 34  1
[1] 34  0
[1] 35  1
[1] 35  0
[1] 36  1
[1] 36  0
[1] 39  1
[1] 39  0
[1] 40  1
[1] 40  0
[1] 42  1
[1] 42  0
[1] 43  1
[1] 43  0
[1] 45  1
[1] 45  0
[1] 46  1
[1] 46  0
[1] 48  1
[1] 48  0
[1] 51  1
[1] 51  0
[1] 53  1
[1] 53  0
[1] 57  1
[1] 57  0
[1] 58  1
[1] 58  0
[1] 61  1
[1] 61  0
[1] 67  1
[1] 67  0
[1] 68  1
[1] 68  0
[1] 70  1
[1] 70  0
[1] 71  1
[1] 71  0
[1] 73  1
[1] 73  0
[1] 74  1
[1] 74  0
[1] 75  1
[1] 75  0
[1] 77  1
[1] 77  0
[1] 79  1
[1] 79  0
[1] 80  1
[1] 80  0
[1] 81  1
[1] 81  0
[1] 82  1
[1] 82  0
[1] 92  1
[1] 92  0
[1] 95  1
[1] 95  0
[1] 97  1
[1] 97  0
[1] 101   1
[1] 101   0
[1] 103   1
[1] 103   0
[1] 106   1
[1] 106   0
[1] 108   1
[1] 108   0
[1] 109   1
[1] 113   1
[1] 113   0
[1] 117   1
[1] 117   0
[1] 120   1
[1] 120   0
[1] 121   1
[1] 122   1
[1] 122   0
[1] 125   1
[1] 125   0
[1] 127   1
[1] 127   0
[1] 131   1
[1] 131   0
[1] 134   1
[1] 134   0
[1] 135   1
[1] 135   0
[1] 136   1
[1] 136   0
[1] 138   1
[1] 138   0
[1] 139   1
[1] 140   1
[1] 141   1
[1] 141   0
[1] 145   1
[1] 145   0
[1] 146   1
[1] 146   0
[1] 147   1
[1] 147   0
[1] 150   1
[1] 150   0
[1] 160   1
[1] 160   0
[1] 162   1
[1] 162   0
[1] 164   1
[1] 164   0
[1] 165   1
[1] 165   0
[1] 167   1
[1] 167   0
[1] 170   1
[1] 170   0
[1] 176   1
[1] 176   0
[1] 179   1
[1] 179   0
[1] 180   1
[1] 180   0
[1] 184   1
[1] 184   0
[1] 185   1
[1] 185   0
[1] 186   1
[1] 186   0
[1] 190   1
[1] 190   0
[1] 191   1
[1] 193   1
[1] 194   1
[1] 196   1
[1] 196   0
[1] 204   1
[1] 204   0
[1] 205   1
[1] 205   0
[1] 208   1
[1] 208   0
[1] 210   1
[1] 211   1
[1] 211   0
[1] 214   1
[1] 214   0
[1] 218   1
[1] 218   0
[1] 220   1
[1] 220   0
[1] 221   1
[1] 221   0
[1] 231   1
[1] 231   0
[1] 238   1
[1] 238   0
[1] 240   1
[1] 240   0
[1] 244   1
[1] 246   1
[1] 246   0
[1] 247   1
[1] 247   0
[1] 249   1
[1] 249   0
[1] 251   1
[1] 251   0
[1] 259   1
[1] 259   0
[1] 262   1
[1] 262   0
[1] 265   1
[1] 265   0
[1] 268   1
[1] 268   0
[1] 270   1
[1] 270   0
[1] 271   1
[1] 274   1
[1] 274   0
[1] 278   1
[1] 278   0
[1] 280   1
[1] 280   0
[1] 287   1
[1] 290   1
[1] 290   0
[1] 292   1
[1] 292   0
[1] 304   1
[1] 304   0
[1] 305   1
[1] 305   0
[1] 306   1
[1] 306   0
[1] 307   1
[1] 307   0
[1] 312   1
[1] 312   0
[1] 315   1
[1] 315   0
[1] 320   1
[1] 320   0
[1] 321   1
[1] 321   0
[1] 322   1
[1] 322   0
[1] 326   1
[1] 326   0
[1] 327   1
[1] 327   0
[1] 329   1
[1] 329   0
[1] 330   1
[1] 330   0
[1] 335   1
[1] 335   0
[1] 338   1
[1] 338   0
[1] 341   1
[1] 341   0
[1] 350   1
[1] 350   0
[1] 353   1
[1] 353   0
[1] 354   1
[1] 354   0
[1] 356   1
[1] 356   0
[1] 357   1
[1] 357   0
[1] 359   1
[1] 359   0
[1] 360   1
[1] 360   0
[1] 363   1
[1] 363   0
[1] 370   1
[1] 370   0
[1] 373   1
[1] 373   0
[1] 375   1
[1] 375   0
[1] 379   1
[1] 379   0
[1] 385   1
[1] 385   0
[1] 387   1
[1] 387   0
[1] 388   1
[1] 388   0
[1] 389   1
[1] 389   0
[1] 391   1
[1] 391   0
[1] 392   1
[1] 392   0
[1] 393   1
[1] 393   0
[1] 394   1
[1] 395   1
[1] 395   0
[1] 399   1
[1] 399   0
[1] 400   1
[1] 400   0
[1] 406   1
[1] 406   0
[1] 407   1
[1] 408   1
[1] 408   0
[1] 409   1
[1] 409   0
[1] 411   1
[1] 411   0
[1] 416   1
[1] 416   0
[1] 417   1
[1] 417   0
[1] 418   1
[1] 418   0
[1] 421   1
[1] 421   0
[1] 422   1
[1] 422   0
[1] 424   1
[1] 424   0
[1] 427   1
[1] 427   0
[1] 428   1
[1] 428   0
[1] 433   1
[1] 433   0
[1] 435   1
[1] 435   0
[1] 436   1
[1] 436   0
[1] 442   1
[1] 442   0
[1] 448   1
[1] 449   1
[1] 449   0
[1] 454   1
[1] 454   0
[1] 460   1
[1] 460   0
[1] 462   1
[1] 462   0
[1] 466   1
[1] 466   0
[1] 467   1
[1] 467   0
[1] 471   1
[1] 471   0
[1] 473   1
[1] 473   0
[1] 474   1
[1] 474   0
[1] 477   1
[1] 477   0
[1] 478   1
[1] 478   0
[1] 479   1
[1] 479   0
[1] 480   1
[1] 480   0
[1] 481   1
[1] 481   0
[1] 484   1
[1] 484   0
[1] 486   1
[1] 486   0
[1] 490   1
[1] 490   0
[1] 492   1
[1] 492   0
[1] 494   1
[1] 494   0
[1] 496   1
[1] 496   0
[1] 499   1
[1] 499   0
[1] 506   1
[1] 506   0
[1] 511   1
[1] 511   0
[1] 514   1
[1] 514   0
[1] 518   1
[1] 518   0
[1] 522   1
[1] 522   0
[1] 525   1
[1] 525   0
[1] 527   1
[1] 528   1
[1] 528   0
[1] 540   1
[1] 540   0
[1] 543   1
[1] 544   1
[1] 544   0
[1] 549   1
[1] 549   0
[1] 552   1
[1] 552   0
[1] 553   1
[1] 553   0
[1] 554   1
[1] 554   0
[1] 556   1
[1] 556   0
[1] 558   1
[1] 558   0
[1] 563   1
[1] 563   0
[1] 565   1
[1] 565   0
[1] 568   1
[1] 570   1
[1] 570   0
[1] 574   1
[1] 574   0
[1] 579   1
[1] 579   0
[1] 581   1
[1] 581   0
[1] 582   1
[1] 582   0
[1] 588   1
[1] 588   0
[1] 597   1
[1] 597   0
[1] 598   1
[1] 600   1
[1] 600   0
[1] 601   1
[1] 601   0
[1] 605   1
[1] 605   0
[1] 606   1
[1] 606   0
[1] 612   1
[1] 612   0
[1] 614   1
[1] 614   0
[1] 618   1
[1] 622   1
[1] 622   0
[1] 628   1
[1] 628   0
[1] 630   1
[1] 630   0
[1] 634   1
[1] 634   0
[1] 638   1
[1] 638   0
[1] 642   1
[1] 642   0
[1] 644   1
[1] 644   0
[1] 650   1
[1] 650   0
[1] 652   1
[1] 652   0
[1] 653   1
[1] 653   0
[1] 654   1
[1] 654   0
[1] 655   1
[1] 655   0
[1] 659   1
[1] 659   0
[1] 660   1
[1] 660   0
[1] 661   1
[1] 661   0
[1] 662   1
[1] 662   0
[1] 665   1
[1] 665   0
[1] 667   1
[1] 667   0
[1] 669   1
[1] 669   0
[1] 672   1
[1] 672   0
[1] 676   1
[1] 676   0
[1] 677   1
[1] 677   0
[1] 681   1
[1] 681   0
[1] 682   1
[1] 682   0
[1] 684   1
[1] 684   0
[1] 685   1
[1] 685   0
[1] 688   1
[1] 688   0
[1] 689   1
[1] 689   0
[1] 690   1
[1] 690   0
[1] 692   1
[1] 696   1
[1] 696   0
[1] 700   1
[1] 700   0
[1] 703   1
[1] 703   0
[1] 704   1
[1] 704   0
[1] 709   1
[1] 709   0
[1] 711   1
[1] 711   0
[1] 713   1
[1] 713   0
[1] 715   1
[1] 715   0
[1] 716   1
[1] 717   1
[1] 717   0
[1] 719   1
[1] 719   0
[1] 722   1
[1] 726   1
[1] 726   0
[1] 727   1
[1] 727   0
[1] 730   1
[1] 730   0
[1] 731   1
[1] 734   1
[1] 734   0
[1] 735   1
[1] 735   0
[1] 740   1
[1] 740   0
[1] 741   1
[1] 744   1
[1] 744   0
[1] 748   1
[1] 748   0
[1] 750   1
[1] 750   0
[1] 754   1
[1] 754   0
[1] 756   1
[1] 756   0
[1] 761   1
[1] 761   0
[1] 762   1
[1] 762   0
[1] 763   1
[1] 764   1
[1] 764   0
[1] 766   1
[1] 766   0
[1] 767   1
[1] 769   1
[1] 769   0
[1] 773   1
[1] 780   1
[1] 780   0
[1] 781   1
[1] 781   0
[1] 782   1
[1] 782   0
[1] 783   1
[1] 783   0
[1] 784   1
[1] 784   0
[1] 785   1
[1] 785   0
[1] 787   1
[1] 787   0
[1] 789   1
[1] 789   0
[1] 790   1
[1] 790   0
[1] 791   1
[1] 791   0
[1] 804   1
[1] 804   0
[1] 805   1
[1] 805   0
[1] 806   1
[1] 806   0
[1] 807   1
[1] 807   0
[1] 808   1
[1] 808   0
[1] 809   1
[1] 809   0
[1] 811   1
[1] 811   0
[1] 814   1
[1] 814   0
[1] 815   1
[1] 815   0
[1] 818   1
[1] 818   0
[1] 819   1
[1] 819   0
[1] 820   1
[1] 820   0
[1] 822   1
[1] 822   0
[1] 823   1
[1] 823   0
[1] 840   1
[1] 840   0
[1] 843   1
[1] 843   0
[1] 846   1
[1] 846   0
[1] 851   1
[1] 851   0
[1] 852   1
[1] 852   0
[1] 855   1
[1] 855   0
[1] 857   1
[1] 857   0
[1] 861   1
[1] 867   1
[1] 867   0
[1] 868   1
[1] 868   0
[1] 873   1
[1] 873   0
[1] 875   1
[1] 875   0
[1] 876   1
[1] 876   0
[1] 881   1
[1] 881   0
[1] 883   1
[1] 883   0
[1] 884   1
[1] 884   2
[1] 886   1
[1] 886   0
[1] 889   1
[1] 889   0
[1] 891   1
[1] 891   0
[1] 893   1
[1] 893   0
[1] 903   1
[1] 903   0
[1] 906   1
[1] 906   0
[1] 907   1
[1] 908   1
[1] 908   0
[1] 917   1
[1] 917   0
[1] 918   1
[1] 918   0
[1] 920   1
[1] 920   0
[1] 921   1
[1] 921   0
[1] 923   1
[1] 923   0
[1] 926   1
[1] 926   0
[1] 927   1
[1] 927   0
[1] 930   1
[1] 930   0
[1] 932   1
[1] 932   0
[1] 935   1
[1] 935   0
[1] 937   1
[1] 937   0
[1] 938   1
[1] 938   0
[1] 941   1
[1] 941   0
[1] 942   1
[1] 942   0
[1] 945   1
[1] 945   0
[1] 950   1
[1] 950   0
[1] 951   1
[1] 951   0
[1] 953   1
[1] 953   0
[1] 954   1
[1] 954   0
[1] 957   1
[1] 957   0
[1] 958   1
[1] 958   0
[1] 959   1
[1] 961   1
[1] 961   0
[1] 963   1
[1] 963   0
[1] 968   1
[1] 968   0
[1] 970   1
[1] 970   0
[1] 975   1
[1] 975   0
[1] 977   1
[1] 977   0
[1] 979   1
[1] 979   0
[1] 981   1
[1] 981   0
[1] 983   1
[1] 983   0
[1] 986   1
[1] 986   0
[1] 987   1
[1] 987   0
[1] 988   1
[1] 988   0
[1] 993   1
[1] 993   0
[1] 996   1
[1] 996   0
[1] 998   1
[1] 999   1
[1] 1000    1
[1] 1000    0
[1] 2 1
[1] 2 0
[1] 4 1
[1] 4 0
[1] 77  1
[1] 77  0
[1] 79  1
[1] 79  0
[1] 109   1
[1] 109   0
[1] 165   1
[1] 165   0
[1] 191   1
[1] 191   0
[1] 210   1
[1] 210   0
[1] 238   1
[1] 238   0
[1] 274   1
[1] 274   0
[1] 307   1
[1] 307   0
[1] 321   1
[1] 321   0
[1] 326   1
[1] 326   0
[1] 354   1
[1] 354   0
[1] 436   1
[1] 436   0
[1] 466   1
[1] 466   0
[1] 474   1
[1] 474   0
[1] 506   1
[1] 506   0
[1] 553   1
[1] 553   0
[1] 601   1
[1] 601   0
[1] 677   1
[1] 677   0
[1] 692   1
[1] 692   0
[1] 791   1
[1] 791   0
[1] 809   1
[1] 809   0
[1] 814   1
[1] 814   0
[1] 840   1
[1] 840   0
[1] 861   1
[1] 861   0
[1] 875   1
[1] 875   0
[1] 891   1
[1] 891   0
[1] 921   1
[1] 921   0
[1] 927   1
[1] 927   0
[1] 961   1
[1] 961   0
[1] 1 1
[1] 1 0
[1] 2 1
[1] 2 0
[1] 4 1
[1] 4 0
[1] 5 1
[1] 5 0
[1] 6 1
[1] 6 0
[1] 11  1
[1] 11  0
[1] 13  1
[1] 13  0
[1] 15  1
[1] 15  0
[1] 20  1
[1] 20  0
[1] 26  1
[1] 26  0
[1] 33  1
[1] 33  0
[1] 38  1
[1] 38  0
[1] 39  1
[1] 39  0
[1] 43  1
[1] 43  0
[1] 45  1
[1] 45  0
[1] 48  1
[1] 48  0
[1] 55  1
[1] 55  0
[1] 57  1
[1] 57  0
[1] 58  1
[1] 58  0
[1] 74  1
[1] 74  0
[1] 77  1
[1] 77  0
[1] 79  1
[1] 79  0
[1] 81  1
[1] 81  0
[1] 82  1
[1] 82  0
[1] 84  1
[1] 84  0
[1] 85  1
[1] 85  0
[1] 92  1
[1] 92  0
[1] 101   1
[1] 101   0
[1] 108   1
[1] 108   0
[1] 109   1
[1] 110   1
[1] 110   0
[1] 114   1
[1] 114   0
[1] 117   1
[1] 117   0
[1] 118   1
[1] 118   0
[1] 121   1
[1] 121   0
[1] 122   1
[1] 122   0
[1] 127   1
[1] 131   1
[1] 131   0
[1] 135   1
[1] 135   0
[1] 138   1
[1] 138   0
[1] 139   1
[1] 139   0
[1] 140   1
[1] 141   1
[1] 141   0
[1] 145   1
[1] 145   0
[1] 147   1
[1] 147   0
[1] 151   1
[1] 151   0
[1] 162   1
[1] 162   0
[1] 164   1
[1] 164   0
[1] 165   1
[1] 165   0
[1] 167   1
[1] 167   0
[1] 170   1
[1] 170   0
[1] 176   1
[1] 176   0
[1] 179   1
[1] 179   0
[1] 184   1
[1] 184   0
[1] 185   1
[1] 185   0
[1] 187   1
[1] 187   0
[1] 190   1
[1] 190   0
[1] 191   1
[1] 191   0
[1] 194   1
[1] 194   0
[1] 204   1
[1] 204   0
[1] 207   1
[1] 207   0
[1] 208   1
[1] 208   0
[1] 210   1
[1] 210   0
[1] 213   1
[1] 213   0
[1] 217   1
[1] 217   0
[1] 220   1
[1] 220   0
[1] 221   1
[1] 221   0
[1] 229   1
[1] 229   0
[1] 231   1
[1] 231   0
[1] 232   1
[1] 232   0
[1] 238   1
[1] 238   0
[1] 244   1
[1] 244   0
[1] 247   1
[1] 247   0
[1] 251   1
[1] 251   0
[1] 256   1
[1] 256   0
[1] 270   1
[1] 270   0
[1] 271   1
[1] 274   1
[1] 274   0
[1] 277   1
[1] 277   0
[1] 287   1
[1] 287   0
[1] 290   1
[1] 290   0
[1] 292   1
[1] 292   0
[1] 304   1
[1] 304   0
[1] 317   1
[1] 317   0
[1] 321   1
[1] 321   0
[1] 322   1
[1] 322   0
[1] 326   1
[1] 326   0
[1] 329   1
[1] 329   0
[1] 331   1
[1] 331   0
[1] 335   1
[1] 335   0
[1] 341   1
[1] 341   0
[1] 353   1
[1] 353   0
[1] 354   1
[1] 354   0
[1] 356   1
[1] 356   0
[1] 359   1
[1] 359   0
[1] 363   1
[1] 363   0
[1] 373   1
[1] 373   0
[1] 381   1
[1] 381   0
[1] 385   1
[1] 385   0
[1] 389   1
[1] 389   0
[1] 406   1
[1] 406   0
[1] 407   1
[1] 407   0
[1] 415   1
[1] 415   0
[1] 417   1
[1] 417   0
[1] 422   1
[1] 422   0
[1] 424   1
[1] 424   0
[1] 427   1
[1] 427   0
[1] 428   1
[1] 428   0
[1] 435   1
[1] 435   0
[1] 444   1
[1] 444   0
[1] 446   1
[1] 446   0
[1] 448   1
[1] 448   0
[1] 449   1
[1] 454   1
[1] 454   0
[1] 460   1
[1] 460   0
[1] 461   1
[1] 461   0
[1] 462   1
[1] 462   0
[1] 463   1
[1] 463   0
[1] 470   1
[1] 470   0
[1] 471   1
[1] 471   0
[1] 473   1
[1] 473   0
[1] 474   1
[1] 474   0
[1] 484   1
[1] 490   1
[1] 490   0
[1] 494   1
[1] 494   0
[1] 496   1
[1] 496   0
[1] 499   1
[1] 499   0
[1] 502   1
[1] 502   0
[1] 506   1
[1] 506   0
[1] 511   1
[1] 511   0
[1] 518   1
[1] 518   0
[1] 525   1
[1] 525   0
[1] 526   1
[1] 526   0
[1] 528   1
[1] 528   0
[1] 543   1
[1] 544   1
[1] 544   0
[1] 549   1
[1] 549   0
[1] 553   1
[1] 553   0
[1] 565   1
[1] 565   0
[1] 570   1
[1] 570   0
[1] 574   1
[1] 574   0
[1] 588   1
[1] 588   0
[1] 601   1
[1] 601   0
[1] 607   1
[1] 607   0
[1] 612   1
[1] 612   0
[1] 613   1
[1] 613   0
[1] 615   1
[1] 615   0
[1] 618   1
[1] 618   0
[1] 628   1
[1] 628   0
[1] 659   1
[1] 659   0
[1] 661   1
[1] 661   0
[1] 664   1
[1] 664   0
[1] 669   1
[1] 669   0
[1] 677   1
[1] 677   0
[1] 682   1
[1] 682   0
[1] 683   1
[1] 683   0
[1] 685   1
[1] 685   0
[1] 692   1
[1] 692   0
[1] 713   1
[1] 713   0
[1] 715   1
[1] 715   0
[1] 719   1
[1] 719   0
[1] 722   1
[1] 722   0
[1] 730   1
[1] 730   0
[1] 731   1
[1] 731   0
[1] 735   1
[1] 735   0
[1] 741   1
[1] 742   1
[1] 742   0
[1] 754   1
[1] 754   0
[1] 756   1
[1] 756   0
[1] 759   1
[1] 759   0
[1] 761   1
[1] 761   0
[1] 763   1
[1] 765   1
[1] 765   0
[1] 767   1
[1] 767   0
[1] 773   1
[1] 774   1
[1] 774   0
[1] 781   1
[1] 781   0
[1] 782   1
[1] 782   0
[1] 784   1
[1] 784   0
[1] 789   1
[1] 789   0
[1] 790   1
[1] 790   0
[1] 791   1
[1] 791   0
[1] 806   1
[1] 806   0
[1] 809   1
[1] 809   0
[1] 814   1
[1] 814   0
[1] 815   1
[1] 815   0
[1] 817   1
[1] 817   0
[1] 818   1
[1] 818   0
[1] 819   1
[1] 819   0
[1] 829   1
[1] 829   0
[1] 834   1
[1] 834   0
[1] 838   1
[1] 838   0
[1] 840   1
[1] 840   0
[1] 855   1
[1] 855   0
[1] 857   1
[1] 857   0
[1] 859   1
[1] 859   0
[1] 861   1
[1] 868   1
[1] 868   0
[1] 875   1
[1] 875   0
[1] 876   1
[1] 876   0
[1] 881   1
[1] 881   0
[1] 882   1
[1] 882   0
[1] 884   1
[1] 884   0
[1] 886   1
[1] 886   0
[1] 889   1
[1] 889   0
[1] 891   1
[1] 891   0
[1] 893   1
[1] 893   0
[1] 907   1
[1] 917   1
[1] 917   0
[1] 918   1
[1] 918   0
[1] 919   1
[1] 919   0
[1] 920   1
[1] 920   0
[1] 921   1
[1] 921   0
[1] 926   1
[1] 926   0
[1] 927   1
[1] 927   0
[1] 930   1
[1] 930   0
[1] 932   1
[1] 932   0
[1] 941   1
[1] 941   0
[1] 948   1
[1] 948   0
[1] 950   1
[1] 950   0
[1] 951   1
[1] 951   0
[1] 953   1
[1] 953   0
[1] 954   1
[1] 954   0
[1] 957   1
[1] 957   0
[1] 959   1
[1] 959   0
[1] 961   1
[1] 961   0
[1] 963   1
[1] 963   0
[1] 970   1
[1] 970   0
[1] 974   1
[1] 974   0
[1] 975   1
[1] 975   0
[1] 977   1
[1] 977   0
[1] 985   1
[1] 985   0
[1] 996   1
[1] 996   0
[1] 997   1
[1] 997   0
[1] 998   1
[1] 998   0
[1] 1000    1
[1] 1000    0
[1] 217   1
[1] 217   0
[1] 466   1
[1] 466   0
[1] 2 1
[1] 2 0
[1] 5 1
[1] 5 0
[1] 61  1
[1] 61  0
[1] 79  1
[1] 79  0
[1] 109   1
[1] 109   0
[1] 117   1
[1] 117   0
[1] 121   1
[1] 121   0
[1] 145   1
[1] 145   0
[1] 146   1
[1] 146   0
[1] 165   1
[1] 165   0
[1] 185   1
[1] 185   0
[1] 187   1
[1] 187   0
[1] 213   1
[1] 213   0
[1] 229   1
[1] 229   0
[1] 244   1
[1] 244   0
[1] 358   1
[1] 358   0
[1] 381   1
[1] 381   0
[1] 414   1
[1] 414   0
[1] 424   1
[1] 424   0
[1] 454   1
[1] 454   0
[1] 460   1
[1] 460   0
[1] 466   1
[1] 466   0
[1] 474   1
[1] 474   0
[1] 526   1
[1] 526   0
[1] 527   1
[1] 527   0
[1] 551   1
[1] 551   0
[1] 565   1
[1] 565   0
[1] 598   1
[1] 598   0
[1] 601   1
[1] 601   0
[1] 627   1
[1] 627   0
[1] 634   1
[1] 634   0
[1] 676   1
[1] 676   0
[1] 741   1
[1] 741   0
[1] 782   1
[1] 782   0
[1] 789   1
[1] 789   0
[1] 796   1
[1] 796   0
[1] 806   1
[1] 806   0
[1] 814   1
[1] 814   0
[1] 815   1
[1] 815   0
[1] 868   1
[1] 868   0
[1] 882   1
[1] 882   0
[1] 884   1
[1] 884   0
[1] 891   1
[1] 891   0
[1] 921   1
[1] 921   0
[1] 945   1
[1] 945   0
[1] 949   1
[1] 949   0
[1] 953   1
[1] 953   0
[1] 963   1
[1] 963   0
[1] 975   1
[1] 975   0
[1] 996   1
[1] 996   0
